10-Oct-2022 00:53:24.776 INFO [main] org.apache.catalina.startup.VersionLoggerListener.log Server version name:   Apache Tomcat/9.0.67
10-Oct-2022 00:53:24.787 INFO [main] org.apache.catalina.startup.VersionLoggerListener.log Server built:          Sep 23 2022 11:22:29 UTC
10-Oct-2022 00:53:24.787 INFO [main] org.apache.catalina.startup.VersionLoggerListener.log Server version number: 9.0.67.0
10-Oct-2022 00:53:24.787 INFO [main] org.apache.catalina.startup.VersionLoggerListener.log OS Name:               Windows 11
10-Oct-2022 00:53:24.787 INFO [main] org.apache.catalina.startup.VersionLoggerListener.log OS Version:            10.0
10-Oct-2022 00:53:24.789 INFO [main] org.apache.catalina.startup.VersionLoggerListener.log Architecture:          amd64
10-Oct-2022 00:53:24.789 INFO [main] org.apache.catalina.startup.VersionLoggerListener.log Java Home:             C:\Program Files\Java\jdk-19
10-Oct-2022 00:53:24.789 INFO [main] org.apache.catalina.startup.VersionLoggerListener.log JVM Version:           19+36-2238
10-Oct-2022 00:53:24.789 INFO [main] org.apache.catalina.startup.VersionLoggerListener.log JVM Vendor:            Oracle Corporation
10-Oct-2022 00:53:24.789 INFO [main] org.apache.catalina.startup.VersionLoggerListener.log CATALINA_BASE:         C:\FullStack Java Devoloper\Advanced Java classes\JSP(java server pages)\State Management in web apps\apache-tomcat-9.0.67
10-Oct-2022 00:53:24.789 INFO [main] org.apache.catalina.startup.VersionLoggerListener.log CATALINA_HOME:         C:\FullStack Java Devoloper\Advanced Java classes\JSP(java server pages)\State Management in web apps\apache-tomcat-9.0.67
10-Oct-2022 00:53:24.823 INFO [main] org.apache.catalina.startup.VersionLoggerListener.log Command line argument: --add-opens=java.base/java.lang=ALL-UNNAMED
10-Oct-2022 00:53:24.823 INFO [main] org.apache.catalina.startup.VersionLoggerListener.log Command line argument: --add-opens=java.base/java.io=ALL-UNNAMED
10-Oct-2022 00:53:24.824 INFO [main] org.apache.catalina.startup.VersionLoggerListener.log Command line argument: --add-opens=java.base/java.util=ALL-UNNAMED
10-Oct-2022 00:53:24.824 INFO [main] org.apache.catalina.startup.VersionLoggerListener.log Command line argument: --add-opens=java.base/java.util.concurrent=ALL-UNNAMED
10-Oct-2022 00:53:24.824 INFO [main] org.apache.catalina.startup.VersionLoggerListener.log Command line argument: --add-opens=java.rmi/sun.rmi.transport=ALL-UNNAMED
10-Oct-2022 00:53:24.827 INFO [main] org.apache.catalina.startup.VersionLoggerListener.log Command line argument: -Djava.util.logging.config.file=C:\FullStack Java Devoloper\Advanced Java classes\JSP(java server pages)\State Management in web apps\apache-tomcat-9.0.67\conf\logging.properties
10-Oct-2022 00:53:24.827 INFO [main] org.apache.catalina.startup.VersionLoggerListener.log Command line argument: -Djava.util.logging.manager=org.apache.juli.ClassLoaderLogManager
10-Oct-2022 00:53:24.829 INFO [main] org.apache.catalina.startup.VersionLoggerListener.log Command line argument: -Djdk.tls.ephemeralDHKeySize=2048
10-Oct-2022 00:53:24.831 INFO [main] org.apache.catalina.startup.VersionLoggerListener.log Command line argument: -Djava.protocol.handler.pkgs=org.apache.catalina.webresources
10-Oct-2022 00:53:24.833 INFO [main] org.apache.catalina.startup.VersionLoggerListener.log Command line argument: -Dignore.endorsed.dirs=
10-Oct-2022 00:53:24.833 INFO [main] org.apache.catalina.startup.VersionLoggerListener.log Command line argument: -Dcatalina.base=C:\FullStack Java Devoloper\Advanced Java classes\JSP(java server pages)\State Management in web apps\apache-tomcat-9.0.67
10-Oct-2022 00:53:24.833 INFO [main] org.apache.catalina.startup.VersionLoggerListener.log Command line argument: -Dcatalina.home=C:\FullStack Java Devoloper\Advanced Java classes\JSP(java server pages)\State Management in web apps\apache-tomcat-9.0.67
10-Oct-2022 00:53:24.835 INFO [main] org.apache.catalina.startup.VersionLoggerListener.log Command line argument: -Djava.io.tmpdir=C:\FullStack Java Devoloper\Advanced Java classes\JSP(java server pages)\State Management in web apps\apache-tomcat-9.0.67\temp
10-Oct-2022 00:53:24.878 INFO [main] org.apache.catalina.core.AprLifecycleListener.lifecycleEvent Loaded Apache Tomcat Native library [1.2.35] using APR version [1.7.0].
10-Oct-2022 00:53:24.878 INFO [main] org.apache.catalina.core.AprLifecycleListener.lifecycleEvent APR capabilities: IPv6 [true], sendfile [true], accept filters [false], random [true], UDS [true].
10-Oct-2022 00:53:24.880 INFO [main] org.apache.catalina.core.AprLifecycleListener.lifecycleEvent APR/OpenSSL configuration: useAprConnector [false], useOpenSSL [true]
10-Oct-2022 00:53:24.891 INFO [main] org.apache.catalina.core.AprLifecycleListener.initializeSSL OpenSSL successfully initialized [OpenSSL 1.1.1q  5 Jul 2022]
10-Oct-2022 00:53:25.514 INFO [main] org.apache.coyote.AbstractProtocol.init Initializing ProtocolHandler ["http-nio-8080"]
10-Oct-2022 00:53:25.562 INFO [main] org.apache.catalina.startup.Catalina.load Server initialization in [1151] milliseconds
10-Oct-2022 00:53:25.650 INFO [main] org.apache.catalina.core.StandardService.startInternal Starting service [Catalina]
10-Oct-2022 00:53:25.651 INFO [main] org.apache.catalina.core.StandardEngine.startInternal Starting Servlet engine: [Apache Tomcat/9.0.67]
10-Oct-2022 00:53:25.671 INFO [main] org.apache.catalina.startup.HostConfig.deployDirectory Deploying web application directory [C:\FullStack Java Devoloper\Advanced Java classes\JSP(java server pages)\State Management in web apps\apache-tomcat-9.0.67\webapps\docs]
10-Oct-2022 00:53:26.283 INFO [main] org.apache.catalina.startup.HostConfig.deployDirectory Deployment of web application directory [C:\FullStack Java Devoloper\Advanced Java classes\JSP(java server pages)\State Management in web apps\apache-tomcat-9.0.67\webapps\docs] has finished in [617] ms
10-Oct-2022 00:53:26.283 INFO [main] org.apache.catalina.startup.HostConfig.deployDirectory Deploying web application directory [C:\FullStack Java Devoloper\Advanced Java classes\JSP(java server pages)\State Management in web apps\apache-tomcat-9.0.67\webapps\examples]
10-Oct-2022 00:53:27.704 INFO [main] org.apache.catalina.startup.HostConfig.deployDirectory Deployment of web application directory [C:\FullStack Java Devoloper\Advanced Java classes\JSP(java server pages)\State Management in web apps\apache-tomcat-9.0.67\webapps\examples] has finished in [1,421] ms
10-Oct-2022 00:53:27.704 INFO [main] org.apache.catalina.startup.HostConfig.deployDirectory Deploying web application directory [C:\FullStack Java Devoloper\Advanced Java classes\JSP(java server pages)\State Management in web apps\apache-tomcat-9.0.67\webapps\host-manager]
10-Oct-2022 00:53:27.806 INFO [main] org.apache.catalina.startup.HostConfig.deployDirectory Deployment of web application directory [C:\FullStack Java Devoloper\Advanced Java classes\JSP(java server pages)\State Management in web apps\apache-tomcat-9.0.67\webapps\host-manager] has finished in [102] ms
10-Oct-2022 00:53:27.806 INFO [main] org.apache.catalina.startup.HostConfig.deployDirectory Deploying web application directory [C:\FullStack Java Devoloper\Advanced Java classes\JSP(java server pages)\State Management in web apps\apache-tomcat-9.0.67\webapps\manager]
10-Oct-2022 00:53:27.918 INFO [main] org.apache.catalina.startup.HostConfig.deployDirectory Deployment of web application directory [C:\FullStack Java Devoloper\Advanced Java classes\JSP(java server pages)\State Management in web apps\apache-tomcat-9.0.67\webapps\manager] has finished in [112] ms
10-Oct-2022 00:53:27.918 INFO [main] org.apache.catalina.startup.HostConfig.deployDirectory Deploying web application directory [C:\FullStack Java Devoloper\Advanced Java classes\JSP(java server pages)\State Management in web apps\apache-tomcat-9.0.67\webapps\ROOT]
10-Oct-2022 00:53:27.978 INFO [main] org.apache.catalina.startup.HostConfig.deployDirectory Deployment of web application directory [C:\FullStack Java Devoloper\Advanced Java classes\JSP(java server pages)\State Management in web apps\apache-tomcat-9.0.67\webapps\ROOT] has finished in [60] ms
10-Oct-2022 00:53:27.978 INFO [main] org.apache.catalina.startup.HostConfig.deployDirectory Deploying web application directory [C:\FullStack Java Devoloper\Advanced Java classes\JSP(java server pages)\State Management in web apps\apache-tomcat-9.0.67\webapps\stateless]
10-Oct-2022 00:53:28.062 INFO [main] org.apache.catalina.startup.HostConfig.deployDirectory Deployment of web application directory [C:\FullStack Java Devoloper\Advanced Java classes\JSP(java server pages)\State Management in web apps\apache-tomcat-9.0.67\webapps\stateless] has finished in [84] ms
10-Oct-2022 00:53:28.067 INFO [main] org.apache.coyote.AbstractProtocol.start Starting ProtocolHandler ["http-nio-8080"]
10-Oct-2022 00:53:28.170 INFO [main] org.apache.catalina.startup.Catalina.start Server startup in [2607] milliseconds
10-Oct-2022 01:10:39.835 INFO [Catalina-utility-2] org.apache.catalina.startup.HostConfig.deployDirectory Deploying web application directory [C:\FullStack Java Devoloper\Advanced Java classes\JSP(java server pages)\State Management in web apps\apache-tomcat-9.0.67\webapps\stateless - Copy]
10-Oct-2022 01:10:39.932 INFO [Catalina-utility-2] org.apache.catalina.startup.HostConfig.deployDirectory Deployment of web application directory [C:\FullStack Java Devoloper\Advanced Java classes\JSP(java server pages)\State Management in web apps\apache-tomcat-9.0.67\webapps\stateless - Copy] has finished in [97] ms
10-Oct-2022 01:11:00.473 INFO [Catalina-utility-2] org.apache.catalina.startup.HostConfig.undeploy Undeploying context [/stateless - Copy]
10-Oct-2022 01:11:00.526 INFO [Catalina-utility-2] org.apache.catalina.startup.HostConfig.deployDirectory Deploying web application directory [C:\FullStack Java Devoloper\Advanced Java classes\JSP(java server pages)\State Management in web apps\apache-tomcat-9.0.67\webapps\sessions]
10-Oct-2022 01:11:00.602 INFO [Catalina-utility-2] org.apache.catalina.startup.HostConfig.deployDirectory Deployment of web application directory [C:\FullStack Java Devoloper\Advanced Java classes\JSP(java server pages)\State Management in web apps\apache-tomcat-9.0.67\webapps\sessions] has finished in [76] ms
