07-Oct-2022 11:30:29.160 INFO [main] org.apache.catalina.startup.VersionLoggerListener.log Server version name:   Apache Tomcat/9.0.67
07-Oct-2022 11:30:29.163 INFO [main] org.apache.catalina.startup.VersionLoggerListener.log Server built:          Sep 23 2022 11:22:29 UTC
07-Oct-2022 11:30:29.163 INFO [main] org.apache.catalina.startup.VersionLoggerListener.log Server version number: 9.0.67.0
07-Oct-2022 11:30:29.163 INFO [main] org.apache.catalina.startup.VersionLoggerListener.log OS Name:               Windows 11
07-Oct-2022 11:30:29.163 INFO [main] org.apache.catalina.startup.VersionLoggerListener.log OS Version:            10.0
07-Oct-2022 11:30:29.163 INFO [main] org.apache.catalina.startup.VersionLoggerListener.log Architecture:          amd64
07-Oct-2022 11:30:29.163 INFO [main] org.apache.catalina.startup.VersionLoggerListener.log Java Home:             C:\Program Files\Java\jdk-19
07-Oct-2022 11:30:29.163 INFO [main] org.apache.catalina.startup.VersionLoggerListener.log JVM Version:           19+36-2238
07-Oct-2022 11:30:29.163 INFO [main] org.apache.catalina.startup.VersionLoggerListener.log JVM Vendor:            Oracle Corporation
07-Oct-2022 11:30:29.163 INFO [main] org.apache.catalina.startup.VersionLoggerListener.log CATALINA_BASE:         C:\FullStack Java Devoloper\Advanced Java classes\SERVLETS\Third Servlet Project\apache-tomcat-9.0.67
07-Oct-2022 11:30:29.163 INFO [main] org.apache.catalina.startup.VersionLoggerListener.log CATALINA_HOME:         C:\FullStack Java Devoloper\Advanced Java classes\SERVLETS\Third Servlet Project\apache-tomcat-9.0.67
07-Oct-2022 11:30:29.173 INFO [main] org.apache.catalina.startup.VersionLoggerListener.log Command line argument: --add-opens=java.base/java.lang=ALL-UNNAMED
07-Oct-2022 11:30:29.173 INFO [main] org.apache.catalina.startup.VersionLoggerListener.log Command line argument: --add-opens=java.base/java.io=ALL-UNNAMED
07-Oct-2022 11:30:29.173 INFO [main] org.apache.catalina.startup.VersionLoggerListener.log Command line argument: --add-opens=java.base/java.util=ALL-UNNAMED
07-Oct-2022 11:30:29.173 INFO [main] org.apache.catalina.startup.VersionLoggerListener.log Command line argument: --add-opens=java.base/java.util.concurrent=ALL-UNNAMED
07-Oct-2022 11:30:29.173 INFO [main] org.apache.catalina.startup.VersionLoggerListener.log Command line argument: --add-opens=java.rmi/sun.rmi.transport=ALL-UNNAMED
07-Oct-2022 11:30:29.175 INFO [main] org.apache.catalina.startup.VersionLoggerListener.log Command line argument: -Djava.util.logging.config.file=C:\FullStack Java Devoloper\Advanced Java classes\SERVLETS\Third Servlet Project\apache-tomcat-9.0.67\conf\logging.properties
07-Oct-2022 11:30:29.175 INFO [main] org.apache.catalina.startup.VersionLoggerListener.log Command line argument: -Djava.util.logging.manager=org.apache.juli.ClassLoaderLogManager
07-Oct-2022 11:30:29.175 INFO [main] org.apache.catalina.startup.VersionLoggerListener.log Command line argument: -Djdk.tls.ephemeralDHKeySize=2048
07-Oct-2022 11:30:29.175 INFO [main] org.apache.catalina.startup.VersionLoggerListener.log Command line argument: -Djava.protocol.handler.pkgs=org.apache.catalina.webresources
07-Oct-2022 11:30:29.177 INFO [main] org.apache.catalina.startup.VersionLoggerListener.log Command line argument: -Dignore.endorsed.dirs=
07-Oct-2022 11:30:29.177 INFO [main] org.apache.catalina.startup.VersionLoggerListener.log Command line argument: -Dcatalina.base=C:\FullStack Java Devoloper\Advanced Java classes\SERVLETS\Third Servlet Project\apache-tomcat-9.0.67
07-Oct-2022 11:30:29.178 INFO [main] org.apache.catalina.startup.VersionLoggerListener.log Command line argument: -Dcatalina.home=C:\FullStack Java Devoloper\Advanced Java classes\SERVLETS\Third Servlet Project\apache-tomcat-9.0.67
07-Oct-2022 11:30:29.178 INFO [main] org.apache.catalina.startup.VersionLoggerListener.log Command line argument: -Djava.io.tmpdir=C:\FullStack Java Devoloper\Advanced Java classes\SERVLETS\Third Servlet Project\apache-tomcat-9.0.67\temp
07-Oct-2022 11:30:29.188 INFO [main] org.apache.catalina.core.AprLifecycleListener.lifecycleEvent Loaded Apache Tomcat Native library [1.2.35] using APR version [1.7.0].
07-Oct-2022 11:30:29.188 INFO [main] org.apache.catalina.core.AprLifecycleListener.lifecycleEvent APR capabilities: IPv6 [true], sendfile [true], accept filters [false], random [true], UDS [true].
07-Oct-2022 11:30:29.188 INFO [main] org.apache.catalina.core.AprLifecycleListener.lifecycleEvent APR/OpenSSL configuration: useAprConnector [false], useOpenSSL [true]
07-Oct-2022 11:30:29.202 INFO [main] org.apache.catalina.core.AprLifecycleListener.initializeSSL OpenSSL successfully initialized [OpenSSL 1.1.1q  5 Jul 2022]
07-Oct-2022 11:30:29.431 INFO [main] org.apache.coyote.AbstractProtocol.init Initializing ProtocolHandler ["http-nio-8080"]
07-Oct-2022 11:30:29.449 INFO [main] org.apache.catalina.startup.Catalina.load Server initialization in [425] milliseconds
07-Oct-2022 11:30:29.482 INFO [main] org.apache.catalina.core.StandardService.startInternal Starting service [Catalina]
07-Oct-2022 11:30:29.482 INFO [main] org.apache.catalina.core.StandardEngine.startInternal Starting Servlet engine: [Apache Tomcat/9.0.67]
07-Oct-2022 11:30:29.490 INFO [main] org.apache.catalina.startup.HostConfig.deployDirectory Deploying web application directory [C:\FullStack Java Devoloper\Advanced Java classes\SERVLETS\Third Servlet Project\apache-tomcat-9.0.67\webapps\docs]
07-Oct-2022 11:30:29.756 INFO [main] org.apache.catalina.startup.HostConfig.deployDirectory Deployment of web application directory [C:\FullStack Java Devoloper\Advanced Java classes\SERVLETS\Third Servlet Project\apache-tomcat-9.0.67\webapps\docs] has finished in [266] ms
07-Oct-2022 11:30:29.756 INFO [main] org.apache.catalina.startup.HostConfig.deployDirectory Deploying web application directory [C:\FullStack Java Devoloper\Advanced Java classes\SERVLETS\Third Servlet Project\apache-tomcat-9.0.67\webapps\examples]
07-Oct-2022 11:30:30.327 INFO [main] org.apache.catalina.startup.HostConfig.deployDirectory Deployment of web application directory [C:\FullStack Java Devoloper\Advanced Java classes\SERVLETS\Third Servlet Project\apache-tomcat-9.0.67\webapps\examples] has finished in [571] ms
07-Oct-2022 11:30:30.327 INFO [main] org.apache.catalina.startup.HostConfig.deployDirectory Deploying web application directory [C:\FullStack Java Devoloper\Advanced Java classes\SERVLETS\Third Servlet Project\apache-tomcat-9.0.67\webapps\host-manager]
07-Oct-2022 11:30:30.370 INFO [main] org.apache.catalina.startup.HostConfig.deployDirectory Deployment of web application directory [C:\FullStack Java Devoloper\Advanced Java classes\SERVLETS\Third Servlet Project\apache-tomcat-9.0.67\webapps\host-manager] has finished in [43] ms
07-Oct-2022 11:30:30.370 INFO [main] org.apache.catalina.startup.HostConfig.deployDirectory Deploying web application directory [C:\FullStack Java Devoloper\Advanced Java classes\SERVLETS\Third Servlet Project\apache-tomcat-9.0.67\webapps\manager]
07-Oct-2022 11:30:30.416 INFO [main] org.apache.catalina.startup.HostConfig.deployDirectory Deployment of web application directory [C:\FullStack Java Devoloper\Advanced Java classes\SERVLETS\Third Servlet Project\apache-tomcat-9.0.67\webapps\manager] has finished in [46] ms
07-Oct-2022 11:30:30.416 INFO [main] org.apache.catalina.startup.HostConfig.deployDirectory Deploying web application directory [C:\FullStack Java Devoloper\Advanced Java classes\SERVLETS\Third Servlet Project\apache-tomcat-9.0.67\webapps\myproject]
07-Oct-2022 11:30:30.461 INFO [main] org.apache.catalina.startup.HostConfig.deployDirectory Deployment of web application directory [C:\FullStack Java Devoloper\Advanced Java classes\SERVLETS\Third Servlet Project\apache-tomcat-9.0.67\webapps\myproject] has finished in [45] ms
07-Oct-2022 11:30:30.461 INFO [main] org.apache.catalina.startup.HostConfig.deployDirectory Deploying web application directory [C:\FullStack Java Devoloper\Advanced Java classes\SERVLETS\Third Servlet Project\apache-tomcat-9.0.67\webapps\ROOT]
07-Oct-2022 11:30:30.488 INFO [main] org.apache.catalina.startup.HostConfig.deployDirectory Deployment of web application directory [C:\FullStack Java Devoloper\Advanced Java classes\SERVLETS\Third Servlet Project\apache-tomcat-9.0.67\webapps\ROOT] has finished in [27] ms
07-Oct-2022 11:30:30.488 INFO [main] org.apache.catalina.startup.HostConfig.deployDirectory Deploying web application directory [C:\FullStack Java Devoloper\Advanced Java classes\SERVLETS\Third Servlet Project\apache-tomcat-9.0.67\webapps\ThirdProject]
07-Oct-2022 11:30:30.876 INFO [main] org.apache.jasper.servlet.TldScanner.scanJars At least one JAR was scanned for TLDs yet contained no TLDs. Enable debug logging for this logger for a complete list of JARs that were scanned but no TLDs were found in them. Skipping unneeded JARs during scanning can improve startup time and JSP compilation time.
07-Oct-2022 11:30:30.882 INFO [main] org.apache.catalina.startup.HostConfig.deployDirectory Deployment of web application directory [C:\FullStack Java Devoloper\Advanced Java classes\SERVLETS\Third Servlet Project\apache-tomcat-9.0.67\webapps\ThirdProject] has finished in [394] ms
07-Oct-2022 11:30:30.882 INFO [main] org.apache.coyote.AbstractProtocol.start Starting ProtocolHandler ["http-nio-8080"]
07-Oct-2022 11:30:30.945 INFO [main] org.apache.catalina.startup.Catalina.start Server startup in [1496] milliseconds
07-Oct-2022 11:34:45.102 INFO [main] org.apache.catalina.startup.VersionLoggerListener.log Server version name:   Apache Tomcat/9.0.67
07-Oct-2022 11:34:45.112 INFO [main] org.apache.catalina.startup.VersionLoggerListener.log Server built:          Sep 23 2022 11:22:29 UTC
07-Oct-2022 11:34:45.112 INFO [main] org.apache.catalina.startup.VersionLoggerListener.log Server version number: 9.0.67.0
07-Oct-2022 11:34:45.112 INFO [main] org.apache.catalina.startup.VersionLoggerListener.log OS Name:               Windows 11
07-Oct-2022 11:34:45.112 INFO [main] org.apache.catalina.startup.VersionLoggerListener.log OS Version:            10.0
07-Oct-2022 11:34:45.112 INFO [main] org.apache.catalina.startup.VersionLoggerListener.log Architecture:          amd64
07-Oct-2022 11:34:45.112 INFO [main] org.apache.catalina.startup.VersionLoggerListener.log Java Home:             C:\Program Files\Java\jdk-19
07-Oct-2022 11:34:45.112 INFO [main] org.apache.catalina.startup.VersionLoggerListener.log JVM Version:           19+36-2238
07-Oct-2022 11:34:45.112 INFO [main] org.apache.catalina.startup.VersionLoggerListener.log JVM Vendor:            Oracle Corporation
07-Oct-2022 11:34:45.112 INFO [main] org.apache.catalina.startup.VersionLoggerListener.log CATALINA_BASE:         C:\FullStack Java Devoloper\Advanced Java classes\SERVLETS\Third Servlet Project\apache-tomcat-9.0.67
07-Oct-2022 11:34:45.112 INFO [main] org.apache.catalina.startup.VersionLoggerListener.log CATALINA_HOME:         C:\FullStack Java Devoloper\Advanced Java classes\SERVLETS\Third Servlet Project\apache-tomcat-9.0.67
07-Oct-2022 11:34:45.123 INFO [main] org.apache.catalina.startup.VersionLoggerListener.log Command line argument: --add-opens=java.base/java.lang=ALL-UNNAMED
07-Oct-2022 11:34:45.123 INFO [main] org.apache.catalina.startup.VersionLoggerListener.log Command line argument: --add-opens=java.base/java.io=ALL-UNNAMED
07-Oct-2022 11:34:45.123 INFO [main] org.apache.catalina.startup.VersionLoggerListener.log Command line argument: --add-opens=java.base/java.util=ALL-UNNAMED
07-Oct-2022 11:34:45.123 INFO [main] org.apache.catalina.startup.VersionLoggerListener.log Command line argument: --add-opens=java.base/java.util.concurrent=ALL-UNNAMED
07-Oct-2022 11:34:45.123 INFO [main] org.apache.catalina.startup.VersionLoggerListener.log Command line argument: --add-opens=java.rmi/sun.rmi.transport=ALL-UNNAMED
07-Oct-2022 11:34:45.123 INFO [main] org.apache.catalina.startup.VersionLoggerListener.log Command line argument: -Djava.util.logging.config.file=C:\FullStack Java Devoloper\Advanced Java classes\SERVLETS\Third Servlet Project\apache-tomcat-9.0.67\conf\logging.properties
07-Oct-2022 11:34:45.123 INFO [main] org.apache.catalina.startup.VersionLoggerListener.log Command line argument: -Djava.util.logging.manager=org.apache.juli.ClassLoaderLogManager
07-Oct-2022 11:34:45.123 INFO [main] org.apache.catalina.startup.VersionLoggerListener.log Command line argument: -Djdk.tls.ephemeralDHKeySize=2048
07-Oct-2022 11:34:45.123 INFO [main] org.apache.catalina.startup.VersionLoggerListener.log Command line argument: -Djava.protocol.handler.pkgs=org.apache.catalina.webresources
07-Oct-2022 11:34:45.123 INFO [main] org.apache.catalina.startup.VersionLoggerListener.log Command line argument: -Dignore.endorsed.dirs=
07-Oct-2022 11:34:45.123 INFO [main] org.apache.catalina.startup.VersionLoggerListener.log Command line argument: -Dcatalina.base=C:\FullStack Java Devoloper\Advanced Java classes\SERVLETS\Third Servlet Project\apache-tomcat-9.0.67
07-Oct-2022 11:34:45.123 INFO [main] org.apache.catalina.startup.VersionLoggerListener.log Command line argument: -Dcatalina.home=C:\FullStack Java Devoloper\Advanced Java classes\SERVLETS\Third Servlet Project\apache-tomcat-9.0.67
07-Oct-2022 11:34:45.128 INFO [main] org.apache.catalina.startup.VersionLoggerListener.log Command line argument: -Djava.io.tmpdir=C:\FullStack Java Devoloper\Advanced Java classes\SERVLETS\Third Servlet Project\apache-tomcat-9.0.67\temp
07-Oct-2022 11:34:45.130 INFO [main] org.apache.catalina.core.AprLifecycleListener.lifecycleEvent Loaded Apache Tomcat Native library [1.2.35] using APR version [1.7.0].
07-Oct-2022 11:34:45.130 INFO [main] org.apache.catalina.core.AprLifecycleListener.lifecycleEvent APR capabilities: IPv6 [true], sendfile [true], accept filters [false], random [true], UDS [true].
07-Oct-2022 11:34:45.130 INFO [main] org.apache.catalina.core.AprLifecycleListener.lifecycleEvent APR/OpenSSL configuration: useAprConnector [false], useOpenSSL [true]
07-Oct-2022 11:34:45.137 INFO [main] org.apache.catalina.core.AprLifecycleListener.initializeSSL OpenSSL successfully initialized [OpenSSL 1.1.1q  5 Jul 2022]
07-Oct-2022 11:34:45.372 INFO [main] org.apache.coyote.AbstractProtocol.init Initializing ProtocolHandler ["http-nio-8080"]
07-Oct-2022 11:34:45.394 INFO [main] org.apache.catalina.startup.Catalina.load Server initialization in [431] milliseconds
07-Oct-2022 11:34:45.430 INFO [main] org.apache.catalina.core.StandardService.startInternal Starting service [Catalina]
07-Oct-2022 11:34:45.430 INFO [main] org.apache.catalina.core.StandardEngine.startInternal Starting Servlet engine: [Apache Tomcat/9.0.67]
07-Oct-2022 11:34:45.438 INFO [main] org.apache.catalina.startup.HostConfig.deployDirectory Deploying web application directory [C:\FullStack Java Devoloper\Advanced Java classes\SERVLETS\Third Servlet Project\apache-tomcat-9.0.67\webapps\docs]
07-Oct-2022 11:34:45.703 INFO [main] org.apache.catalina.startup.HostConfig.deployDirectory Deployment of web application directory [C:\FullStack Java Devoloper\Advanced Java classes\SERVLETS\Third Servlet Project\apache-tomcat-9.0.67\webapps\docs] has finished in [265] ms
07-Oct-2022 11:34:45.703 INFO [main] org.apache.catalina.startup.HostConfig.deployDirectory Deploying web application directory [C:\FullStack Java Devoloper\Advanced Java classes\SERVLETS\Third Servlet Project\apache-tomcat-9.0.67\webapps\examples]
07-Oct-2022 11:34:46.141 INFO [main] org.apache.catalina.startup.HostConfig.deployDirectory Deployment of web application directory [C:\FullStack Java Devoloper\Advanced Java classes\SERVLETS\Third Servlet Project\apache-tomcat-9.0.67\webapps\examples] has finished in [438] ms
07-Oct-2022 11:34:46.141 INFO [main] org.apache.catalina.startup.HostConfig.deployDirectory Deploying web application directory [C:\FullStack Java Devoloper\Advanced Java classes\SERVLETS\Third Servlet Project\apache-tomcat-9.0.67\webapps\host-manager]
07-Oct-2022 11:34:46.186 INFO [main] org.apache.catalina.startup.HostConfig.deployDirectory Deployment of web application directory [C:\FullStack Java Devoloper\Advanced Java classes\SERVLETS\Third Servlet Project\apache-tomcat-9.0.67\webapps\host-manager] has finished in [45] ms
07-Oct-2022 11:34:46.186 INFO [main] org.apache.catalina.startup.HostConfig.deployDirectory Deploying web application directory [C:\FullStack Java Devoloper\Advanced Java classes\SERVLETS\Third Servlet Project\apache-tomcat-9.0.67\webapps\manager]
07-Oct-2022 11:34:46.231 INFO [main] org.apache.catalina.startup.HostConfig.deployDirectory Deployment of web application directory [C:\FullStack Java Devoloper\Advanced Java classes\SERVLETS\Third Servlet Project\apache-tomcat-9.0.67\webapps\manager] has finished in [45] ms
07-Oct-2022 11:34:46.231 INFO [main] org.apache.catalina.startup.HostConfig.deployDirectory Deploying web application directory [C:\FullStack Java Devoloper\Advanced Java classes\SERVLETS\Third Servlet Project\apache-tomcat-9.0.67\webapps\myproject]
07-Oct-2022 11:34:46.279 INFO [main] org.apache.catalina.startup.HostConfig.deployDirectory Deployment of web application directory [C:\FullStack Java Devoloper\Advanced Java classes\SERVLETS\Third Servlet Project\apache-tomcat-9.0.67\webapps\myproject] has finished in [48] ms
07-Oct-2022 11:34:46.279 INFO [main] org.apache.catalina.startup.HostConfig.deployDirectory Deploying web application directory [C:\FullStack Java Devoloper\Advanced Java classes\SERVLETS\Third Servlet Project\apache-tomcat-9.0.67\webapps\ROOT]
07-Oct-2022 11:34:46.302 INFO [main] org.apache.catalina.startup.HostConfig.deployDirectory Deployment of web application directory [C:\FullStack Java Devoloper\Advanced Java classes\SERVLETS\Third Servlet Project\apache-tomcat-9.0.67\webapps\ROOT] has finished in [23] ms
07-Oct-2022 11:34:46.302 INFO [main] org.apache.catalina.startup.HostConfig.deployDirectory Deploying web application directory [C:\FullStack Java Devoloper\Advanced Java classes\SERVLETS\Third Servlet Project\apache-tomcat-9.0.67\webapps\ThirdProject]
07-Oct-2022 11:34:46.695 INFO [main] org.apache.jasper.servlet.TldScanner.scanJars At least one JAR was scanned for TLDs yet contained no TLDs. Enable debug logging for this logger for a complete list of JARs that were scanned but no TLDs were found in them. Skipping unneeded JARs during scanning can improve startup time and JSP compilation time.
07-Oct-2022 11:34:46.698 INFO [main] org.apache.catalina.startup.HostConfig.deployDirectory Deployment of web application directory [C:\FullStack Java Devoloper\Advanced Java classes\SERVLETS\Third Servlet Project\apache-tomcat-9.0.67\webapps\ThirdProject] has finished in [396] ms
07-Oct-2022 11:34:46.700 INFO [main] org.apache.coyote.AbstractProtocol.start Starting ProtocolHandler ["http-nio-8080"]
07-Oct-2022 11:34:46.769 INFO [main] org.apache.catalina.startup.Catalina.start Server startup in [1376] milliseconds
07-Oct-2022 11:46:58.585 INFO [main] org.apache.catalina.startup.VersionLoggerListener.log Server version name:   Apache Tomcat/9.0.67
07-Oct-2022 11:46:58.588 INFO [main] org.apache.catalina.startup.VersionLoggerListener.log Server built:          Sep 23 2022 11:22:29 UTC
07-Oct-2022 11:46:58.588 INFO [main] org.apache.catalina.startup.VersionLoggerListener.log Server version number: 9.0.67.0
07-Oct-2022 11:46:58.588 INFO [main] org.apache.catalina.startup.VersionLoggerListener.log OS Name:               Windows 11
07-Oct-2022 11:46:58.588 INFO [main] org.apache.catalina.startup.VersionLoggerListener.log OS Version:            10.0
07-Oct-2022 11:46:58.588 INFO [main] org.apache.catalina.startup.VersionLoggerListener.log Architecture:          amd64
07-Oct-2022 11:46:58.588 INFO [main] org.apache.catalina.startup.VersionLoggerListener.log Java Home:             C:\Program Files\Java\jdk-19
07-Oct-2022 11:46:58.588 INFO [main] org.apache.catalina.startup.VersionLoggerListener.log JVM Version:           19+36-2238
07-Oct-2022 11:46:58.588 INFO [main] org.apache.catalina.startup.VersionLoggerListener.log JVM Vendor:            Oracle Corporation
07-Oct-2022 11:46:58.588 INFO [main] org.apache.catalina.startup.VersionLoggerListener.log CATALINA_BASE:         C:\FullStack Java Devoloper\Advanced Java classes\SERVLETS\Third Servlet Project\apache-tomcat-9.0.67
07-Oct-2022 11:46:58.588 INFO [main] org.apache.catalina.startup.VersionLoggerListener.log CATALINA_HOME:         C:\FullStack Java Devoloper\Advanced Java classes\SERVLETS\Third Servlet Project\apache-tomcat-9.0.67
07-Oct-2022 11:46:58.599 INFO [main] org.apache.catalina.startup.VersionLoggerListener.log Command line argument: --add-opens=java.base/java.lang=ALL-UNNAMED
07-Oct-2022 11:46:58.599 INFO [main] org.apache.catalina.startup.VersionLoggerListener.log Command line argument: --add-opens=java.base/java.io=ALL-UNNAMED
07-Oct-2022 11:46:58.599 INFO [main] org.apache.catalina.startup.VersionLoggerListener.log Command line argument: --add-opens=java.base/java.util=ALL-UNNAMED
07-Oct-2022 11:46:58.599 INFO [main] org.apache.catalina.startup.VersionLoggerListener.log Command line argument: --add-opens=java.base/java.util.concurrent=ALL-UNNAMED
07-Oct-2022 11:46:58.599 INFO [main] org.apache.catalina.startup.VersionLoggerListener.log Command line argument: --add-opens=java.rmi/sun.rmi.transport=ALL-UNNAMED
07-Oct-2022 11:46:58.600 INFO [main] org.apache.catalina.startup.VersionLoggerListener.log Command line argument: -Djava.util.logging.config.file=C:\FullStack Java Devoloper\Advanced Java classes\SERVLETS\Third Servlet Project\apache-tomcat-9.0.67\conf\logging.properties
07-Oct-2022 11:46:58.600 INFO [main] org.apache.catalina.startup.VersionLoggerListener.log Command line argument: -Djava.util.logging.manager=org.apache.juli.ClassLoaderLogManager
07-Oct-2022 11:46:58.600 INFO [main] org.apache.catalina.startup.VersionLoggerListener.log Command line argument: -Djdk.tls.ephemeralDHKeySize=2048
07-Oct-2022 11:46:58.600 INFO [main] org.apache.catalina.startup.VersionLoggerListener.log Command line argument: -Djava.protocol.handler.pkgs=org.apache.catalina.webresources
07-Oct-2022 11:46:58.600 INFO [main] org.apache.catalina.startup.VersionLoggerListener.log Command line argument: -Dignore.endorsed.dirs=
07-Oct-2022 11:46:58.600 INFO [main] org.apache.catalina.startup.VersionLoggerListener.log Command line argument: -Dcatalina.base=C:\FullStack Java Devoloper\Advanced Java classes\SERVLETS\Third Servlet Project\apache-tomcat-9.0.67
07-Oct-2022 11:46:58.603 INFO [main] org.apache.catalina.startup.VersionLoggerListener.log Command line argument: -Dcatalina.home=C:\FullStack Java Devoloper\Advanced Java classes\SERVLETS\Third Servlet Project\apache-tomcat-9.0.67
07-Oct-2022 11:46:58.603 INFO [main] org.apache.catalina.startup.VersionLoggerListener.log Command line argument: -Djava.io.tmpdir=C:\FullStack Java Devoloper\Advanced Java classes\SERVLETS\Third Servlet Project\apache-tomcat-9.0.67\temp
07-Oct-2022 11:46:58.607 INFO [main] org.apache.catalina.core.AprLifecycleListener.lifecycleEvent Loaded Apache Tomcat Native library [1.2.35] using APR version [1.7.0].
07-Oct-2022 11:46:58.607 INFO [main] org.apache.catalina.core.AprLifecycleListener.lifecycleEvent APR capabilities: IPv6 [true], sendfile [true], accept filters [false], random [true], UDS [true].
07-Oct-2022 11:46:58.607 INFO [main] org.apache.catalina.core.AprLifecycleListener.lifecycleEvent APR/OpenSSL configuration: useAprConnector [false], useOpenSSL [true]
07-Oct-2022 11:46:58.611 INFO [main] org.apache.catalina.core.AprLifecycleListener.initializeSSL OpenSSL successfully initialized [OpenSSL 1.1.1q  5 Jul 2022]
07-Oct-2022 11:46:58.835 INFO [main] org.apache.coyote.AbstractProtocol.init Initializing ProtocolHandler ["http-nio-8080"]
07-Oct-2022 11:46:58.854 INFO [main] org.apache.catalina.startup.Catalina.load Server initialization in [414] milliseconds
07-Oct-2022 11:46:58.894 INFO [main] org.apache.catalina.core.StandardService.startInternal Starting service [Catalina]
07-Oct-2022 11:46:58.894 INFO [main] org.apache.catalina.core.StandardEngine.startInternal Starting Servlet engine: [Apache Tomcat/9.0.67]
07-Oct-2022 11:46:58.899 INFO [main] org.apache.catalina.startup.HostConfig.deployDirectory Deploying web application directory [C:\FullStack Java Devoloper\Advanced Java classes\SERVLETS\Third Servlet Project\apache-tomcat-9.0.67\webapps\docs]
07-Oct-2022 11:46:59.157 INFO [main] org.apache.catalina.startup.HostConfig.deployDirectory Deployment of web application directory [C:\FullStack Java Devoloper\Advanced Java classes\SERVLETS\Third Servlet Project\apache-tomcat-9.0.67\webapps\docs] has finished in [258] ms
07-Oct-2022 11:46:59.157 INFO [main] org.apache.catalina.startup.HostConfig.deployDirectory Deploying web application directory [C:\FullStack Java Devoloper\Advanced Java classes\SERVLETS\Third Servlet Project\apache-tomcat-9.0.67\webapps\examples]
07-Oct-2022 11:46:59.597 INFO [main] org.apache.catalina.startup.HostConfig.deployDirectory Deployment of web application directory [C:\FullStack Java Devoloper\Advanced Java classes\SERVLETS\Third Servlet Project\apache-tomcat-9.0.67\webapps\examples] has finished in [440] ms
07-Oct-2022 11:46:59.597 INFO [main] org.apache.catalina.startup.HostConfig.deployDirectory Deploying web application directory [C:\FullStack Java Devoloper\Advanced Java classes\SERVLETS\Third Servlet Project\apache-tomcat-9.0.67\webapps\host-manager]
07-Oct-2022 11:46:59.647 INFO [main] org.apache.catalina.startup.HostConfig.deployDirectory Deployment of web application directory [C:\FullStack Java Devoloper\Advanced Java classes\SERVLETS\Third Servlet Project\apache-tomcat-9.0.67\webapps\host-manager] has finished in [50] ms
07-Oct-2022 11:46:59.650 INFO [main] org.apache.catalina.startup.HostConfig.deployDirectory Deploying web application directory [C:\FullStack Java Devoloper\Advanced Java classes\SERVLETS\Third Servlet Project\apache-tomcat-9.0.67\webapps\manager]
07-Oct-2022 11:46:59.696 INFO [main] org.apache.catalina.startup.HostConfig.deployDirectory Deployment of web application directory [C:\FullStack Java Devoloper\Advanced Java classes\SERVLETS\Third Servlet Project\apache-tomcat-9.0.67\webapps\manager] has finished in [45] ms
07-Oct-2022 11:46:59.696 INFO [main] org.apache.catalina.startup.HostConfig.deployDirectory Deploying web application directory [C:\FullStack Java Devoloper\Advanced Java classes\SERVLETS\Third Servlet Project\apache-tomcat-9.0.67\webapps\myproject]
07-Oct-2022 11:46:59.741 INFO [main] org.apache.catalina.startup.HostConfig.deployDirectory Deployment of web application directory [C:\FullStack Java Devoloper\Advanced Java classes\SERVLETS\Third Servlet Project\apache-tomcat-9.0.67\webapps\myproject] has finished in [45] ms
07-Oct-2022 11:46:59.741 INFO [main] org.apache.catalina.startup.HostConfig.deployDirectory Deploying web application directory [C:\FullStack Java Devoloper\Advanced Java classes\SERVLETS\Third Servlet Project\apache-tomcat-9.0.67\webapps\ROOT]
07-Oct-2022 11:46:59.759 INFO [main] org.apache.catalina.startup.HostConfig.deployDirectory Deployment of web application directory [C:\FullStack Java Devoloper\Advanced Java classes\SERVLETS\Third Servlet Project\apache-tomcat-9.0.67\webapps\ROOT] has finished in [18] ms
07-Oct-2022 11:46:59.759 INFO [main] org.apache.catalina.startup.HostConfig.deployDirectory Deploying web application directory [C:\FullStack Java Devoloper\Advanced Java classes\SERVLETS\Third Servlet Project\apache-tomcat-9.0.67\webapps\ThirdProject]
07-Oct-2022 11:47:00.166 INFO [main] org.apache.jasper.servlet.TldScanner.scanJars At least one JAR was scanned for TLDs yet contained no TLDs. Enable debug logging for this logger for a complete list of JARs that were scanned but no TLDs were found in them. Skipping unneeded JARs during scanning can improve startup time and JSP compilation time.
07-Oct-2022 11:47:00.174 INFO [main] org.apache.catalina.startup.HostConfig.deployDirectory Deployment of web application directory [C:\FullStack Java Devoloper\Advanced Java classes\SERVLETS\Third Servlet Project\apache-tomcat-9.0.67\webapps\ThirdProject] has finished in [415] ms
07-Oct-2022 11:47:00.176 INFO [main] org.apache.coyote.AbstractProtocol.start Starting ProtocolHandler ["http-nio-8080"]
07-Oct-2022 11:47:00.249 INFO [main] org.apache.catalina.startup.Catalina.start Server startup in [1391] milliseconds
07-Oct-2022 19:59:44.968 INFO [main] org.apache.catalina.startup.VersionLoggerListener.log Server version name:   Apache Tomcat/9.0.67
07-Oct-2022 19:59:44.985 INFO [main] org.apache.catalina.startup.VersionLoggerListener.log Server built:          Sep 23 2022 11:22:29 UTC
07-Oct-2022 19:59:44.987 INFO [main] org.apache.catalina.startup.VersionLoggerListener.log Server version number: 9.0.67.0
07-Oct-2022 19:59:44.987 INFO [main] org.apache.catalina.startup.VersionLoggerListener.log OS Name:               Windows 11
07-Oct-2022 19:59:44.987 INFO [main] org.apache.catalina.startup.VersionLoggerListener.log OS Version:            10.0
07-Oct-2022 19:59:44.987 INFO [main] org.apache.catalina.startup.VersionLoggerListener.log Architecture:          amd64
07-Oct-2022 19:59:44.987 INFO [main] org.apache.catalina.startup.VersionLoggerListener.log Java Home:             C:\Program Files\Java\jdk-19
07-Oct-2022 19:59:44.989 INFO [main] org.apache.catalina.startup.VersionLoggerListener.log JVM Version:           19+36-2238
07-Oct-2022 19:59:44.989 INFO [main] org.apache.catalina.startup.VersionLoggerListener.log JVM Vendor:            Oracle Corporation
07-Oct-2022 19:59:44.989 INFO [main] org.apache.catalina.startup.VersionLoggerListener.log CATALINA_BASE:         C:\FullStack Java Devoloper\Advanced Java classes\SERVLETS\Third Servlet Project\apache-tomcat-9.0.67
07-Oct-2022 19:59:44.989 INFO [main] org.apache.catalina.startup.VersionLoggerListener.log CATALINA_HOME:         C:\FullStack Java Devoloper\Advanced Java classes\SERVLETS\Third Servlet Project\apache-tomcat-9.0.67
07-Oct-2022 19:59:45.013 INFO [main] org.apache.catalina.startup.VersionLoggerListener.log Command line argument: --add-opens=java.base/java.lang=ALL-UNNAMED
07-Oct-2022 19:59:45.013 INFO [main] org.apache.catalina.startup.VersionLoggerListener.log Command line argument: --add-opens=java.base/java.io=ALL-UNNAMED
07-Oct-2022 19:59:45.016 INFO [main] org.apache.catalina.startup.VersionLoggerListener.log Command line argument: --add-opens=java.base/java.util=ALL-UNNAMED
07-Oct-2022 19:59:45.016 INFO [main] org.apache.catalina.startup.VersionLoggerListener.log Command line argument: --add-opens=java.base/java.util.concurrent=ALL-UNNAMED
07-Oct-2022 19:59:45.016 INFO [main] org.apache.catalina.startup.VersionLoggerListener.log Command line argument: --add-opens=java.rmi/sun.rmi.transport=ALL-UNNAMED
07-Oct-2022 19:59:45.017 INFO [main] org.apache.catalina.startup.VersionLoggerListener.log Command line argument: -Djava.util.logging.config.file=C:\FullStack Java Devoloper\Advanced Java classes\SERVLETS\Third Servlet Project\apache-tomcat-9.0.67\conf\logging.properties
07-Oct-2022 19:59:45.020 INFO [main] org.apache.catalina.startup.VersionLoggerListener.log Command line argument: -Djava.util.logging.manager=org.apache.juli.ClassLoaderLogManager
07-Oct-2022 19:59:45.021 INFO [main] org.apache.catalina.startup.VersionLoggerListener.log Command line argument: -Djdk.tls.ephemeralDHKeySize=2048
07-Oct-2022 19:59:45.022 INFO [main] org.apache.catalina.startup.VersionLoggerListener.log Command line argument: -Djava.protocol.handler.pkgs=org.apache.catalina.webresources
07-Oct-2022 19:59:45.027 INFO [main] org.apache.catalina.startup.VersionLoggerListener.log Command line argument: -Dignore.endorsed.dirs=
07-Oct-2022 19:59:45.027 INFO [main] org.apache.catalina.startup.VersionLoggerListener.log Command line argument: -Dcatalina.base=C:\FullStack Java Devoloper\Advanced Java classes\SERVLETS\Third Servlet Project\apache-tomcat-9.0.67
07-Oct-2022 19:59:45.031 INFO [main] org.apache.catalina.startup.VersionLoggerListener.log Command line argument: -Dcatalina.home=C:\FullStack Java Devoloper\Advanced Java classes\SERVLETS\Third Servlet Project\apache-tomcat-9.0.67
07-Oct-2022 19:59:45.031 INFO [main] org.apache.catalina.startup.VersionLoggerListener.log Command line argument: -Djava.io.tmpdir=C:\FullStack Java Devoloper\Advanced Java classes\SERVLETS\Third Servlet Project\apache-tomcat-9.0.67\temp
07-Oct-2022 19:59:45.037 INFO [main] org.apache.catalina.core.AprLifecycleListener.lifecycleEvent Loaded Apache Tomcat Native library [1.2.35] using APR version [1.7.0].
07-Oct-2022 19:59:45.037 INFO [main] org.apache.catalina.core.AprLifecycleListener.lifecycleEvent APR capabilities: IPv6 [true], sendfile [true], accept filters [false], random [true], UDS [true].
07-Oct-2022 19:59:45.037 INFO [main] org.apache.catalina.core.AprLifecycleListener.lifecycleEvent APR/OpenSSL configuration: useAprConnector [false], useOpenSSL [true]
07-Oct-2022 19:59:45.053 INFO [main] org.apache.catalina.core.AprLifecycleListener.initializeSSL OpenSSL successfully initialized [OpenSSL 1.1.1q  5 Jul 2022]
07-Oct-2022 19:59:45.660 INFO [main] org.apache.coyote.AbstractProtocol.init Initializing ProtocolHandler ["http-nio-8080"]
07-Oct-2022 19:59:45.702 INFO [main] org.apache.catalina.startup.Catalina.load Server initialization in [1109] milliseconds
07-Oct-2022 19:59:45.776 INFO [main] org.apache.catalina.core.StandardService.startInternal Starting service [Catalina]
07-Oct-2022 19:59:45.776 INFO [main] org.apache.catalina.core.StandardEngine.startInternal Starting Servlet engine: [Apache Tomcat/9.0.67]
07-Oct-2022 19:59:45.792 INFO [main] org.apache.catalina.startup.HostConfig.deployDirectory Deploying web application directory [C:\FullStack Java Devoloper\Advanced Java classes\SERVLETS\Third Servlet Project\apache-tomcat-9.0.67\webapps\docs]
07-Oct-2022 19:59:46.395 INFO [main] org.apache.catalina.startup.HostConfig.deployDirectory Deployment of web application directory [C:\FullStack Java Devoloper\Advanced Java classes\SERVLETS\Third Servlet Project\apache-tomcat-9.0.67\webapps\docs] has finished in [603] ms
07-Oct-2022 19:59:46.396 INFO [main] org.apache.catalina.startup.HostConfig.deployDirectory Deploying web application directory [C:\FullStack Java Devoloper\Advanced Java classes\SERVLETS\Third Servlet Project\apache-tomcat-9.0.67\webapps\examples]
07-Oct-2022 19:59:47.521 INFO [main] org.apache.catalina.startup.HostConfig.deployDirectory Deployment of web application directory [C:\FullStack Java Devoloper\Advanced Java classes\SERVLETS\Third Servlet Project\apache-tomcat-9.0.67\webapps\examples] has finished in [1,125] ms
07-Oct-2022 19:59:47.521 INFO [main] org.apache.catalina.startup.HostConfig.deployDirectory Deploying web application directory [C:\FullStack Java Devoloper\Advanced Java classes\SERVLETS\Third Servlet Project\apache-tomcat-9.0.67\webapps\host-manager]
07-Oct-2022 19:59:47.632 INFO [main] org.apache.catalina.startup.HostConfig.deployDirectory Deployment of web application directory [C:\FullStack Java Devoloper\Advanced Java classes\SERVLETS\Third Servlet Project\apache-tomcat-9.0.67\webapps\host-manager] has finished in [111] ms
07-Oct-2022 19:59:47.632 INFO [main] org.apache.catalina.startup.HostConfig.deployDirectory Deploying web application directory [C:\FullStack Java Devoloper\Advanced Java classes\SERVLETS\Third Servlet Project\apache-tomcat-9.0.67\webapps\manager]
07-Oct-2022 19:59:47.728 INFO [main] org.apache.catalina.startup.HostConfig.deployDirectory Deployment of web application directory [C:\FullStack Java Devoloper\Advanced Java classes\SERVLETS\Third Servlet Project\apache-tomcat-9.0.67\webapps\manager] has finished in [96] ms
07-Oct-2022 19:59:47.728 INFO [main] org.apache.catalina.startup.HostConfig.deployDirectory Deploying web application directory [C:\FullStack Java Devoloper\Advanced Java classes\SERVLETS\Third Servlet Project\apache-tomcat-9.0.67\webapps\ROOT]
07-Oct-2022 19:59:47.795 INFO [main] org.apache.catalina.startup.HostConfig.deployDirectory Deployment of web application directory [C:\FullStack Java Devoloper\Advanced Java classes\SERVLETS\Third Servlet Project\apache-tomcat-9.0.67\webapps\ROOT] has finished in [66] ms
07-Oct-2022 19:59:47.795 INFO [main] org.apache.catalina.startup.HostConfig.deployDirectory Deploying web application directory [C:\FullStack Java Devoloper\Advanced Java classes\SERVLETS\Third Servlet Project\apache-tomcat-9.0.67\webapps\ThirdProject]
07-Oct-2022 19:59:48.774 INFO [main] org.apache.jasper.servlet.TldScanner.scanJars At least one JAR was scanned for TLDs yet contained no TLDs. Enable debug logging for this logger for a complete list of JARs that were scanned but no TLDs were found in them. Skipping unneeded JARs during scanning can improve startup time and JSP compilation time.
07-Oct-2022 19:59:48.786 INFO [main] org.apache.catalina.startup.HostConfig.deployDirectory Deployment of web application directory [C:\FullStack Java Devoloper\Advanced Java classes\SERVLETS\Third Servlet Project\apache-tomcat-9.0.67\webapps\ThirdProject] has finished in [991] ms
07-Oct-2022 19:59:48.795 INFO [main] org.apache.coyote.AbstractProtocol.start Starting ProtocolHandler ["http-nio-8080"]
07-Oct-2022 19:59:48.891 INFO [main] org.apache.catalina.startup.Catalina.start Server startup in [3186] milliseconds
07-Oct-2022 20:39:20.772 INFO [main] org.apache.catalina.startup.VersionLoggerListener.log Server version name:   Apache Tomcat/9.0.67
07-Oct-2022 20:39:20.788 INFO [main] org.apache.catalina.startup.VersionLoggerListener.log Server built:          Sep 23 2022 11:22:29 UTC
07-Oct-2022 20:39:20.788 INFO [main] org.apache.catalina.startup.VersionLoggerListener.log Server version number: 9.0.67.0
07-Oct-2022 20:39:20.788 INFO [main] org.apache.catalina.startup.VersionLoggerListener.log OS Name:               Windows 11
07-Oct-2022 20:39:20.788 INFO [main] org.apache.catalina.startup.VersionLoggerListener.log OS Version:            10.0
07-Oct-2022 20:39:20.788 INFO [main] org.apache.catalina.startup.VersionLoggerListener.log Architecture:          amd64
07-Oct-2022 20:39:20.788 INFO [main] org.apache.catalina.startup.VersionLoggerListener.log Java Home:             C:\Program Files\Java\jdk-19
07-Oct-2022 20:39:20.788 INFO [main] org.apache.catalina.startup.VersionLoggerListener.log JVM Version:           19+36-2238
07-Oct-2022 20:39:20.788 INFO [main] org.apache.catalina.startup.VersionLoggerListener.log JVM Vendor:            Oracle Corporation
07-Oct-2022 20:39:20.788 INFO [main] org.apache.catalina.startup.VersionLoggerListener.log CATALINA_BASE:         C:\FullStack Java Devoloper\Advanced Java classes\SERVLETS\Third Servlet Project\apache-tomcat-9.0.67
07-Oct-2022 20:39:20.788 INFO [main] org.apache.catalina.startup.VersionLoggerListener.log CATALINA_HOME:         C:\FullStack Java Devoloper\Advanced Java classes\SERVLETS\Third Servlet Project\apache-tomcat-9.0.67
07-Oct-2022 20:39:20.796 INFO [main] org.apache.catalina.startup.VersionLoggerListener.log Command line argument: --add-opens=java.base/java.lang=ALL-UNNAMED
07-Oct-2022 20:39:20.796 INFO [main] org.apache.catalina.startup.VersionLoggerListener.log Command line argument: --add-opens=java.base/java.io=ALL-UNNAMED
07-Oct-2022 20:39:20.796 INFO [main] org.apache.catalina.startup.VersionLoggerListener.log Command line argument: --add-opens=java.base/java.util=ALL-UNNAMED
07-Oct-2022 20:39:20.796 INFO [main] org.apache.catalina.startup.VersionLoggerListener.log Command line argument: --add-opens=java.base/java.util.concurrent=ALL-UNNAMED
07-Oct-2022 20:39:20.796 INFO [main] org.apache.catalina.startup.VersionLoggerListener.log Command line argument: --add-opens=java.rmi/sun.rmi.transport=ALL-UNNAMED
07-Oct-2022 20:39:20.796 INFO [main] org.apache.catalina.startup.VersionLoggerListener.log Command line argument: -Djava.util.logging.config.file=C:\FullStack Java Devoloper\Advanced Java classes\SERVLETS\Third Servlet Project\apache-tomcat-9.0.67\conf\logging.properties
07-Oct-2022 20:39:20.796 INFO [main] org.apache.catalina.startup.VersionLoggerListener.log Command line argument: -Djava.util.logging.manager=org.apache.juli.ClassLoaderLogManager
07-Oct-2022 20:39:20.796 INFO [main] org.apache.catalina.startup.VersionLoggerListener.log Command line argument: -Djdk.tls.ephemeralDHKeySize=2048
07-Oct-2022 20:39:20.796 INFO [main] org.apache.catalina.startup.VersionLoggerListener.log Command line argument: -Djava.protocol.handler.pkgs=org.apache.catalina.webresources
07-Oct-2022 20:39:20.796 INFO [main] org.apache.catalina.startup.VersionLoggerListener.log Command line argument: -Dignore.endorsed.dirs=
07-Oct-2022 20:39:20.796 INFO [main] org.apache.catalina.startup.VersionLoggerListener.log Command line argument: -Dcatalina.base=C:\FullStack Java Devoloper\Advanced Java classes\SERVLETS\Third Servlet Project\apache-tomcat-9.0.67
07-Oct-2022 20:39:20.796 INFO [main] org.apache.catalina.startup.VersionLoggerListener.log Command line argument: -Dcatalina.home=C:\FullStack Java Devoloper\Advanced Java classes\SERVLETS\Third Servlet Project\apache-tomcat-9.0.67
07-Oct-2022 20:39:20.796 INFO [main] org.apache.catalina.startup.VersionLoggerListener.log Command line argument: -Djava.io.tmpdir=C:\FullStack Java Devoloper\Advanced Java classes\SERVLETS\Third Servlet Project\apache-tomcat-9.0.67\temp
07-Oct-2022 20:39:20.796 INFO [main] org.apache.catalina.core.AprLifecycleListener.lifecycleEvent Loaded Apache Tomcat Native library [1.2.35] using APR version [1.7.0].
07-Oct-2022 20:39:20.796 INFO [main] org.apache.catalina.core.AprLifecycleListener.lifecycleEvent APR capabilities: IPv6 [true], sendfile [true], accept filters [false], random [true], UDS [true].
07-Oct-2022 20:39:20.796 INFO [main] org.apache.catalina.core.AprLifecycleListener.lifecycleEvent APR/OpenSSL configuration: useAprConnector [false], useOpenSSL [true]
07-Oct-2022 20:39:20.808 INFO [main] org.apache.catalina.core.AprLifecycleListener.initializeSSL OpenSSL successfully initialized [OpenSSL 1.1.1q  5 Jul 2022]
07-Oct-2022 20:39:21.017 INFO [main] org.apache.coyote.AbstractProtocol.init Initializing ProtocolHandler ["http-nio-8080"]
07-Oct-2022 20:39:21.049 INFO [main] org.apache.catalina.startup.Catalina.load Server initialization in [405] milliseconds
07-Oct-2022 20:39:21.081 INFO [main] org.apache.catalina.core.StandardService.startInternal Starting service [Catalina]
07-Oct-2022 20:39:21.084 INFO [main] org.apache.catalina.core.StandardEngine.startInternal Starting Servlet engine: [Apache Tomcat/9.0.67]
07-Oct-2022 20:39:21.090 INFO [main] org.apache.catalina.startup.HostConfig.deployDirectory Deploying web application directory [C:\FullStack Java Devoloper\Advanced Java classes\SERVLETS\Third Servlet Project\apache-tomcat-9.0.67\webapps\docs]
07-Oct-2022 20:39:21.347 INFO [main] org.apache.catalina.startup.HostConfig.deployDirectory Deployment of web application directory [C:\FullStack Java Devoloper\Advanced Java classes\SERVLETS\Third Servlet Project\apache-tomcat-9.0.67\webapps\docs] has finished in [257] ms
07-Oct-2022 20:39:21.347 INFO [main] org.apache.catalina.startup.HostConfig.deployDirectory Deploying web application directory [C:\FullStack Java Devoloper\Advanced Java classes\SERVLETS\Third Servlet Project\apache-tomcat-9.0.67\webapps\examples]
07-Oct-2022 20:39:21.780 INFO [main] org.apache.catalina.startup.HostConfig.deployDirectory Deployment of web application directory [C:\FullStack Java Devoloper\Advanced Java classes\SERVLETS\Third Servlet Project\apache-tomcat-9.0.67\webapps\examples] has finished in [433] ms
07-Oct-2022 20:39:21.780 INFO [main] org.apache.catalina.startup.HostConfig.deployDirectory Deploying web application directory [C:\FullStack Java Devoloper\Advanced Java classes\SERVLETS\Third Servlet Project\apache-tomcat-9.0.67\webapps\host-manager]
07-Oct-2022 20:39:21.826 INFO [main] org.apache.catalina.startup.HostConfig.deployDirectory Deployment of web application directory [C:\FullStack Java Devoloper\Advanced Java classes\SERVLETS\Third Servlet Project\apache-tomcat-9.0.67\webapps\host-manager] has finished in [46] ms
07-Oct-2022 20:39:21.826 INFO [main] org.apache.catalina.startup.HostConfig.deployDirectory Deploying web application directory [C:\FullStack Java Devoloper\Advanced Java classes\SERVLETS\Third Servlet Project\apache-tomcat-9.0.67\webapps\manager]
07-Oct-2022 20:39:21.874 INFO [main] org.apache.catalina.startup.HostConfig.deployDirectory Deployment of web application directory [C:\FullStack Java Devoloper\Advanced Java classes\SERVLETS\Third Servlet Project\apache-tomcat-9.0.67\webapps\manager] has finished in [48] ms
07-Oct-2022 20:39:21.874 INFO [main] org.apache.catalina.startup.HostConfig.deployDirectory Deploying web application directory [C:\FullStack Java Devoloper\Advanced Java classes\SERVLETS\Third Servlet Project\apache-tomcat-9.0.67\webapps\ROOT]
07-Oct-2022 20:39:21.896 INFO [main] org.apache.catalina.startup.HostConfig.deployDirectory Deployment of web application directory [C:\FullStack Java Devoloper\Advanced Java classes\SERVLETS\Third Servlet Project\apache-tomcat-9.0.67\webapps\ROOT] has finished in [22] ms
07-Oct-2022 20:39:21.896 INFO [main] org.apache.catalina.startup.HostConfig.deployDirectory Deploying web application directory [C:\FullStack Java Devoloper\Advanced Java classes\SERVLETS\Third Servlet Project\apache-tomcat-9.0.67\webapps\ThirdProject]
07-Oct-2022 20:39:22.296 INFO [main] org.apache.jasper.servlet.TldScanner.scanJars At least one JAR was scanned for TLDs yet contained no TLDs. Enable debug logging for this logger for a complete list of JARs that were scanned but no TLDs were found in them. Skipping unneeded JARs during scanning can improve startup time and JSP compilation time.
07-Oct-2022 20:39:22.302 INFO [main] org.apache.catalina.startup.HostConfig.deployDirectory Deployment of web application directory [C:\FullStack Java Devoloper\Advanced Java classes\SERVLETS\Third Servlet Project\apache-tomcat-9.0.67\webapps\ThirdProject] has finished in [406] ms
07-Oct-2022 20:39:22.302 INFO [main] org.apache.coyote.AbstractProtocol.start Starting ProtocolHandler ["http-nio-8080"]
07-Oct-2022 20:39:22.360 INFO [main] org.apache.catalina.startup.Catalina.start Server startup in [1311] milliseconds
