08-Oct-2022 18:35:04.791 INFO [main] org.apache.catalina.startup.VersionLoggerListener.log Server version name:   Apache Tomcat/9.0.67
08-Oct-2022 18:35:04.797 INFO [main] org.apache.catalina.startup.VersionLoggerListener.log Server built:          Sep 23 2022 11:22:29 UTC
08-Oct-2022 18:35:04.798 INFO [main] org.apache.catalina.startup.VersionLoggerListener.log Server version number: 9.0.67.0
08-Oct-2022 18:35:04.798 INFO [main] org.apache.catalina.startup.VersionLoggerListener.log OS Name:               Windows 11
08-Oct-2022 18:35:04.798 INFO [main] org.apache.catalina.startup.VersionLoggerListener.log OS Version:            10.0
08-Oct-2022 18:35:04.799 INFO [main] org.apache.catalina.startup.VersionLoggerListener.log Architecture:          amd64
08-Oct-2022 18:35:04.799 INFO [main] org.apache.catalina.startup.VersionLoggerListener.log Java Home:             C:\Program Files\Java\jdk-19
08-Oct-2022 18:35:04.800 INFO [main] org.apache.catalina.startup.VersionLoggerListener.log JVM Version:           19+36-2238
08-Oct-2022 18:35:04.800 INFO [main] org.apache.catalina.startup.VersionLoggerListener.log JVM Vendor:            Oracle Corporation
08-Oct-2022 18:35:04.800 INFO [main] org.apache.catalina.startup.VersionLoggerListener.log CATALINA_BASE:         C:\FullStack Java Devoloper\Advanced Java classes\SERVLETS\parameters\apache-tomcat-9.0.67
08-Oct-2022 18:35:04.801 INFO [main] org.apache.catalina.startup.VersionLoggerListener.log CATALINA_HOME:         C:\FullStack Java Devoloper\Advanced Java classes\SERVLETS\parameters\apache-tomcat-9.0.67
08-Oct-2022 18:35:04.823 INFO [main] org.apache.catalina.startup.VersionLoggerListener.log Command line argument: --add-opens=java.base/java.lang=ALL-UNNAMED
08-Oct-2022 18:35:04.824 INFO [main] org.apache.catalina.startup.VersionLoggerListener.log Command line argument: --add-opens=java.base/java.io=ALL-UNNAMED
08-Oct-2022 18:35:04.824 INFO [main] org.apache.catalina.startup.VersionLoggerListener.log Command line argument: --add-opens=java.base/java.util=ALL-UNNAMED
08-Oct-2022 18:35:04.825 INFO [main] org.apache.catalina.startup.VersionLoggerListener.log Command line argument: --add-opens=java.base/java.util.concurrent=ALL-UNNAMED
08-Oct-2022 18:35:04.826 INFO [main] org.apache.catalina.startup.VersionLoggerListener.log Command line argument: --add-opens=java.rmi/sun.rmi.transport=ALL-UNNAMED
08-Oct-2022 18:35:04.827 INFO [main] org.apache.catalina.startup.VersionLoggerListener.log Command line argument: -Djava.util.logging.config.file=C:\FullStack Java Devoloper\Advanced Java classes\SERVLETS\parameters\apache-tomcat-9.0.67\conf\logging.properties
08-Oct-2022 18:35:04.837 INFO [main] org.apache.catalina.startup.VersionLoggerListener.log Command line argument: -Djava.util.logging.manager=org.apache.juli.ClassLoaderLogManager
08-Oct-2022 18:35:04.838 INFO [main] org.apache.catalina.startup.VersionLoggerListener.log Command line argument: -Djdk.tls.ephemeralDHKeySize=2048
08-Oct-2022 18:35:04.840 INFO [main] org.apache.catalina.startup.VersionLoggerListener.log Command line argument: -Djava.protocol.handler.pkgs=org.apache.catalina.webresources
08-Oct-2022 18:35:04.841 INFO [main] org.apache.catalina.startup.VersionLoggerListener.log Command line argument: -Dignore.endorsed.dirs=
08-Oct-2022 18:35:04.842 INFO [main] org.apache.catalina.startup.VersionLoggerListener.log Command line argument: -Dcatalina.base=C:\FullStack Java Devoloper\Advanced Java classes\SERVLETS\parameters\apache-tomcat-9.0.67
08-Oct-2022 18:35:04.843 INFO [main] org.apache.catalina.startup.VersionLoggerListener.log Command line argument: -Dcatalina.home=C:\FullStack Java Devoloper\Advanced Java classes\SERVLETS\parameters\apache-tomcat-9.0.67
08-Oct-2022 18:35:04.844 INFO [main] org.apache.catalina.startup.VersionLoggerListener.log Command line argument: -Djava.io.tmpdir=C:\FullStack Java Devoloper\Advanced Java classes\SERVLETS\parameters\apache-tomcat-9.0.67\temp
08-Oct-2022 18:35:04.880 INFO [main] org.apache.catalina.core.AprLifecycleListener.lifecycleEvent Loaded Apache Tomcat Native library [1.2.35] using APR version [1.7.0].
08-Oct-2022 18:35:04.881 INFO [main] org.apache.catalina.core.AprLifecycleListener.lifecycleEvent APR capabilities: IPv6 [true], sendfile [true], accept filters [false], random [true], UDS [true].
08-Oct-2022 18:35:04.882 INFO [main] org.apache.catalina.core.AprLifecycleListener.lifecycleEvent APR/OpenSSL configuration: useAprConnector [false], useOpenSSL [true]
08-Oct-2022 18:35:04.892 INFO [main] org.apache.catalina.core.AprLifecycleListener.initializeSSL OpenSSL successfully initialized [OpenSSL 1.1.1q  5 Jul 2022]
08-Oct-2022 18:35:05.483 INFO [main] org.apache.coyote.AbstractProtocol.init Initializing ProtocolHandler ["http-nio-8080"]
08-Oct-2022 18:35:05.529 INFO [main] org.apache.catalina.startup.Catalina.load Server initialization in [1078] milliseconds
08-Oct-2022 18:35:05.604 INFO [main] org.apache.catalina.core.StandardService.startInternal Starting service [Catalina]
08-Oct-2022 18:35:05.605 INFO [main] org.apache.catalina.core.StandardEngine.startInternal Starting Servlet engine: [Apache Tomcat/9.0.67]
08-Oct-2022 18:35:05.621 INFO [main] org.apache.catalina.startup.HostConfig.deployDirectory Deploying web application directory [C:\FullStack Java Devoloper\Advanced Java classes\SERVLETS\parameters\apache-tomcat-9.0.67\webapps\docs]
08-Oct-2022 18:35:06.238 INFO [main] org.apache.catalina.startup.HostConfig.deployDirectory Deployment of web application directory [C:\FullStack Java Devoloper\Advanced Java classes\SERVLETS\parameters\apache-tomcat-9.0.67\webapps\docs] has finished in [616] ms
08-Oct-2022 18:35:06.239 INFO [main] org.apache.catalina.startup.HostConfig.deployDirectory Deploying web application directory [C:\FullStack Java Devoloper\Advanced Java classes\SERVLETS\parameters\apache-tomcat-9.0.67\webapps\examples]
08-Oct-2022 18:35:07.540 INFO [main] org.apache.catalina.startup.HostConfig.deployDirectory Deployment of web application directory [C:\FullStack Java Devoloper\Advanced Java classes\SERVLETS\parameters\apache-tomcat-9.0.67\webapps\examples] has finished in [1,301] ms
08-Oct-2022 18:35:07.541 INFO [main] org.apache.catalina.startup.HostConfig.deployDirectory Deploying web application directory [C:\FullStack Java Devoloper\Advanced Java classes\SERVLETS\parameters\apache-tomcat-9.0.67\webapps\host-manager]
08-Oct-2022 18:35:07.612 INFO [main] org.apache.catalina.startup.HostConfig.deployDirectory Deployment of web application directory [C:\FullStack Java Devoloper\Advanced Java classes\SERVLETS\parameters\apache-tomcat-9.0.67\webapps\host-manager] has finished in [70] ms
08-Oct-2022 18:35:07.612 INFO [main] org.apache.catalina.startup.HostConfig.deployDirectory Deploying web application directory [C:\FullStack Java Devoloper\Advanced Java classes\SERVLETS\parameters\apache-tomcat-9.0.67\webapps\manager]
08-Oct-2022 18:35:07.676 INFO [main] org.apache.catalina.startup.HostConfig.deployDirectory Deployment of web application directory [C:\FullStack Java Devoloper\Advanced Java classes\SERVLETS\parameters\apache-tomcat-9.0.67\webapps\manager] has finished in [64] ms
08-Oct-2022 18:35:07.676 INFO [main] org.apache.catalina.startup.HostConfig.deployDirectory Deploying web application directory [C:\FullStack Java Devoloper\Advanced Java classes\SERVLETS\parameters\apache-tomcat-9.0.67\webapps\parametersproject]
08-Oct-2022 18:35:07.754 INFO [main] org.apache.catalina.startup.HostConfig.deployDirectory Deployment of web application directory [C:\FullStack Java Devoloper\Advanced Java classes\SERVLETS\parameters\apache-tomcat-9.0.67\webapps\parametersproject] has finished in [78] ms
08-Oct-2022 18:35:07.755 INFO [main] org.apache.catalina.startup.HostConfig.deployDirectory Deploying web application directory [C:\FullStack Java Devoloper\Advanced Java classes\SERVLETS\parameters\apache-tomcat-9.0.67\webapps\ROOT]
08-Oct-2022 18:35:07.798 INFO [main] org.apache.catalina.startup.HostConfig.deployDirectory Deployment of web application directory [C:\FullStack Java Devoloper\Advanced Java classes\SERVLETS\parameters\apache-tomcat-9.0.67\webapps\ROOT] has finished in [43] ms
08-Oct-2022 18:35:07.803 INFO [main] org.apache.coyote.AbstractProtocol.start Starting ProtocolHandler ["http-nio-8080"]
08-Oct-2022 18:35:07.867 INFO [main] org.apache.catalina.startup.Catalina.start Server startup in [2337] milliseconds
08-Oct-2022 18:35:26.371 INFO [main] org.apache.catalina.startup.VersionLoggerListener.log Server version name:   Apache Tomcat/9.0.67
08-Oct-2022 18:35:26.379 INFO [main] org.apache.catalina.startup.VersionLoggerListener.log Server built:          Sep 23 2022 11:22:29 UTC
08-Oct-2022 18:35:26.381 INFO [main] org.apache.catalina.startup.VersionLoggerListener.log Server version number: 9.0.67.0
08-Oct-2022 18:35:26.381 INFO [main] org.apache.catalina.startup.VersionLoggerListener.log OS Name:               Windows 11
08-Oct-2022 18:35:26.381 INFO [main] org.apache.catalina.startup.VersionLoggerListener.log OS Version:            10.0
08-Oct-2022 18:35:26.382 INFO [main] org.apache.catalina.startup.VersionLoggerListener.log Architecture:          amd64
08-Oct-2022 18:35:26.382 INFO [main] org.apache.catalina.startup.VersionLoggerListener.log Java Home:             C:\Program Files\Java\jdk-19
08-Oct-2022 18:35:26.383 INFO [main] org.apache.catalina.startup.VersionLoggerListener.log JVM Version:           19+36-2238
08-Oct-2022 18:35:26.383 INFO [main] org.apache.catalina.startup.VersionLoggerListener.log JVM Vendor:            Oracle Corporation
08-Oct-2022 18:35:26.384 INFO [main] org.apache.catalina.startup.VersionLoggerListener.log CATALINA_BASE:         C:\FullStack Java Devoloper\Advanced Java classes\SERVLETS\parameters\apache-tomcat-9.0.67
08-Oct-2022 18:35:26.384 INFO [main] org.apache.catalina.startup.VersionLoggerListener.log CATALINA_HOME:         C:\FullStack Java Devoloper\Advanced Java classes\SERVLETS\parameters\apache-tomcat-9.0.67
08-Oct-2022 18:35:26.404 INFO [main] org.apache.catalina.startup.VersionLoggerListener.log Command line argument: --add-opens=java.base/java.lang=ALL-UNNAMED
08-Oct-2022 18:35:26.404 INFO [main] org.apache.catalina.startup.VersionLoggerListener.log Command line argument: --add-opens=java.base/java.io=ALL-UNNAMED
08-Oct-2022 18:35:26.406 INFO [main] org.apache.catalina.startup.VersionLoggerListener.log Command line argument: --add-opens=java.base/java.util=ALL-UNNAMED
08-Oct-2022 18:35:26.406 INFO [main] org.apache.catalina.startup.VersionLoggerListener.log Command line argument: --add-opens=java.base/java.util.concurrent=ALL-UNNAMED
08-Oct-2022 18:35:26.407 INFO [main] org.apache.catalina.startup.VersionLoggerListener.log Command line argument: --add-opens=java.rmi/sun.rmi.transport=ALL-UNNAMED
08-Oct-2022 18:35:26.409 INFO [main] org.apache.catalina.startup.VersionLoggerListener.log Command line argument: -Djava.util.logging.config.file=C:\FullStack Java Devoloper\Advanced Java classes\SERVLETS\parameters\apache-tomcat-9.0.67\conf\logging.properties
08-Oct-2022 18:35:26.412 INFO [main] org.apache.catalina.startup.VersionLoggerListener.log Command line argument: -Djava.util.logging.manager=org.apache.juli.ClassLoaderLogManager
08-Oct-2022 18:35:26.413 INFO [main] org.apache.catalina.startup.VersionLoggerListener.log Command line argument: -Djdk.tls.ephemeralDHKeySize=2048
08-Oct-2022 18:35:26.415 INFO [main] org.apache.catalina.startup.VersionLoggerListener.log Command line argument: -Djava.protocol.handler.pkgs=org.apache.catalina.webresources
08-Oct-2022 18:35:26.416 INFO [main] org.apache.catalina.startup.VersionLoggerListener.log Command line argument: -Dignore.endorsed.dirs=
08-Oct-2022 18:35:26.416 INFO [main] org.apache.catalina.startup.VersionLoggerListener.log Command line argument: -Dcatalina.base=C:\FullStack Java Devoloper\Advanced Java classes\SERVLETS\parameters\apache-tomcat-9.0.67
08-Oct-2022 18:35:26.417 INFO [main] org.apache.catalina.startup.VersionLoggerListener.log Command line argument: -Dcatalina.home=C:\FullStack Java Devoloper\Advanced Java classes\SERVLETS\parameters\apache-tomcat-9.0.67
08-Oct-2022 18:35:26.419 INFO [main] org.apache.catalina.startup.VersionLoggerListener.log Command line argument: -Djava.io.tmpdir=C:\FullStack Java Devoloper\Advanced Java classes\SERVLETS\parameters\apache-tomcat-9.0.67\temp
08-Oct-2022 18:35:26.427 INFO [main] org.apache.catalina.core.AprLifecycleListener.lifecycleEvent Loaded Apache Tomcat Native library [1.2.35] using APR version [1.7.0].
08-Oct-2022 18:35:26.427 INFO [main] org.apache.catalina.core.AprLifecycleListener.lifecycleEvent APR capabilities: IPv6 [true], sendfile [true], accept filters [false], random [true], UDS [true].
08-Oct-2022 18:35:26.429 INFO [main] org.apache.catalina.core.AprLifecycleListener.lifecycleEvent APR/OpenSSL configuration: useAprConnector [false], useOpenSSL [true]
08-Oct-2022 18:35:26.439 INFO [main] org.apache.catalina.core.AprLifecycleListener.initializeSSL OpenSSL successfully initialized [OpenSSL 1.1.1q  5 Jul 2022]
08-Oct-2022 18:35:27.013 INFO [main] org.apache.coyote.AbstractProtocol.init Initializing ProtocolHandler ["http-nio-8080"]
08-Oct-2022 18:35:27.057 INFO [main] org.apache.catalina.startup.Catalina.load Server initialization in [1043] milliseconds
08-Oct-2022 18:35:27.125 INFO [main] org.apache.catalina.core.StandardService.startInternal Starting service [Catalina]
08-Oct-2022 18:35:27.126 INFO [main] org.apache.catalina.core.StandardEngine.startInternal Starting Servlet engine: [Apache Tomcat/9.0.67]
08-Oct-2022 18:35:27.143 INFO [main] org.apache.catalina.startup.HostConfig.deployDirectory Deploying web application directory [C:\FullStack Java Devoloper\Advanced Java classes\SERVLETS\parameters\apache-tomcat-9.0.67\webapps\docs]
08-Oct-2022 18:35:27.804 INFO [main] org.apache.catalina.startup.HostConfig.deployDirectory Deployment of web application directory [C:\FullStack Java Devoloper\Advanced Java classes\SERVLETS\parameters\apache-tomcat-9.0.67\webapps\docs] has finished in [660] ms
08-Oct-2022 18:35:27.806 INFO [main] org.apache.catalina.startup.HostConfig.deployDirectory Deploying web application directory [C:\FullStack Java Devoloper\Advanced Java classes\SERVLETS\parameters\apache-tomcat-9.0.67\webapps\examples]
08-Oct-2022 18:35:28.950 INFO [main] org.apache.catalina.startup.HostConfig.deployDirectory Deployment of web application directory [C:\FullStack Java Devoloper\Advanced Java classes\SERVLETS\parameters\apache-tomcat-9.0.67\webapps\examples] has finished in [1,142] ms
08-Oct-2022 18:35:28.951 INFO [main] org.apache.catalina.startup.HostConfig.deployDirectory Deploying web application directory [C:\FullStack Java Devoloper\Advanced Java classes\SERVLETS\parameters\apache-tomcat-9.0.67\webapps\host-manager]
08-Oct-2022 18:35:29.072 INFO [main] org.apache.catalina.startup.HostConfig.deployDirectory Deployment of web application directory [C:\FullStack Java Devoloper\Advanced Java classes\SERVLETS\parameters\apache-tomcat-9.0.67\webapps\host-manager] has finished in [122] ms
08-Oct-2022 18:35:29.073 INFO [main] org.apache.catalina.startup.HostConfig.deployDirectory Deploying web application directory [C:\FullStack Java Devoloper\Advanced Java classes\SERVLETS\parameters\apache-tomcat-9.0.67\webapps\manager]
08-Oct-2022 18:35:29.186 INFO [main] org.apache.catalina.startup.HostConfig.deployDirectory Deployment of web application directory [C:\FullStack Java Devoloper\Advanced Java classes\SERVLETS\parameters\apache-tomcat-9.0.67\webapps\manager] has finished in [113] ms
08-Oct-2022 18:35:29.187 INFO [main] org.apache.catalina.startup.HostConfig.deployDirectory Deploying web application directory [C:\FullStack Java Devoloper\Advanced Java classes\SERVLETS\parameters\apache-tomcat-9.0.67\webapps\parametersproject]
08-Oct-2022 18:35:29.301 INFO [main] org.apache.catalina.startup.HostConfig.deployDirectory Deployment of web application directory [C:\FullStack Java Devoloper\Advanced Java classes\SERVLETS\parameters\apache-tomcat-9.0.67\webapps\parametersproject] has finished in [113] ms
08-Oct-2022 18:35:29.302 INFO [main] org.apache.catalina.startup.HostConfig.deployDirectory Deploying web application directory [C:\FullStack Java Devoloper\Advanced Java classes\SERVLETS\parameters\apache-tomcat-9.0.67\webapps\ROOT]
08-Oct-2022 18:35:29.364 INFO [main] org.apache.catalina.startup.HostConfig.deployDirectory Deployment of web application directory [C:\FullStack Java Devoloper\Advanced Java classes\SERVLETS\parameters\apache-tomcat-9.0.67\webapps\ROOT] has finished in [63] ms
08-Oct-2022 18:35:29.370 INFO [main] org.apache.coyote.AbstractProtocol.start Starting ProtocolHandler ["http-nio-8080"]
08-Oct-2022 18:35:29.467 INFO [main] org.apache.catalina.startup.Catalina.start Server startup in [2407] milliseconds
