09-Oct-2022 09:47:29.414 INFO [main] org.apache.catalina.startup.VersionLoggerListener.log Server version name:   Apache Tomcat/9.0.67
09-Oct-2022 09:47:29.424 INFO [main] org.apache.catalina.startup.VersionLoggerListener.log Server built:          Sep 23 2022 11:22:29 UTC
09-Oct-2022 09:47:29.424 INFO [main] org.apache.catalina.startup.VersionLoggerListener.log Server version number: 9.0.67.0
09-Oct-2022 09:47:29.426 INFO [main] org.apache.catalina.startup.VersionLoggerListener.log OS Name:               Windows 11
09-Oct-2022 09:47:29.426 INFO [main] org.apache.catalina.startup.VersionLoggerListener.log OS Version:            10.0
09-Oct-2022 09:47:29.426 INFO [main] org.apache.catalina.startup.VersionLoggerListener.log Architecture:          amd64
09-Oct-2022 09:47:29.426 INFO [main] org.apache.catalina.startup.VersionLoggerListener.log Java Home:             C:\Program Files\Java\jdk-19
09-Oct-2022 09:47:29.426 INFO [main] org.apache.catalina.startup.VersionLoggerListener.log JVM Version:           19+36-2238
09-Oct-2022 09:47:29.426 INFO [main] org.apache.catalina.startup.VersionLoggerListener.log JVM Vendor:            Oracle Corporation
09-Oct-2022 09:47:29.426 INFO [main] org.apache.catalina.startup.VersionLoggerListener.log CATALINA_BASE:         C:\FullStack Java Devoloper\Advanced Java classes\JSP(java server pages)\JSP ActionTags\apache-tomcat-9.0.67
09-Oct-2022 09:47:29.426 INFO [main] org.apache.catalina.startup.VersionLoggerListener.log CATALINA_HOME:         C:\FullStack Java Devoloper\Advanced Java classes\JSP(java server pages)\JSP ActionTags\apache-tomcat-9.0.67
09-Oct-2022 09:47:29.457 INFO [main] org.apache.catalina.startup.VersionLoggerListener.log Command line argument: --add-opens=java.base/java.lang=ALL-UNNAMED
09-Oct-2022 09:47:29.457 INFO [main] org.apache.catalina.startup.VersionLoggerListener.log Command line argument: --add-opens=java.base/java.io=ALL-UNNAMED
09-Oct-2022 09:47:29.457 INFO [main] org.apache.catalina.startup.VersionLoggerListener.log Command line argument: --add-opens=java.base/java.util=ALL-UNNAMED
09-Oct-2022 09:47:29.459 INFO [main] org.apache.catalina.startup.VersionLoggerListener.log Command line argument: --add-opens=java.base/java.util.concurrent=ALL-UNNAMED
09-Oct-2022 09:47:29.459 INFO [main] org.apache.catalina.startup.VersionLoggerListener.log Command line argument: --add-opens=java.rmi/sun.rmi.transport=ALL-UNNAMED
09-Oct-2022 09:47:29.459 INFO [main] org.apache.catalina.startup.VersionLoggerListener.log Command line argument: -Djava.util.logging.config.file=C:\FullStack Java Devoloper\Advanced Java classes\JSP(java server pages)\JSP ActionTags\apache-tomcat-9.0.67\conf\logging.properties
09-Oct-2022 09:47:29.462 INFO [main] org.apache.catalina.startup.VersionLoggerListener.log Command line argument: -Djava.util.logging.manager=org.apache.juli.ClassLoaderLogManager
09-Oct-2022 09:47:29.466 INFO [main] org.apache.catalina.startup.VersionLoggerListener.log Command line argument: -Djdk.tls.ephemeralDHKeySize=2048
09-Oct-2022 09:47:29.469 INFO [main] org.apache.catalina.startup.VersionLoggerListener.log Command line argument: -Djava.protocol.handler.pkgs=org.apache.catalina.webresources
09-Oct-2022 09:47:29.473 INFO [main] org.apache.catalina.startup.VersionLoggerListener.log Command line argument: -Dignore.endorsed.dirs=
09-Oct-2022 09:47:29.475 INFO [main] org.apache.catalina.startup.VersionLoggerListener.log Command line argument: -Dcatalina.base=C:\FullStack Java Devoloper\Advanced Java classes\JSP(java server pages)\JSP ActionTags\apache-tomcat-9.0.67
09-Oct-2022 09:47:29.476 INFO [main] org.apache.catalina.startup.VersionLoggerListener.log Command line argument: -Dcatalina.home=C:\FullStack Java Devoloper\Advanced Java classes\JSP(java server pages)\JSP ActionTags\apache-tomcat-9.0.67
09-Oct-2022 09:47:29.476 INFO [main] org.apache.catalina.startup.VersionLoggerListener.log Command line argument: -Djava.io.tmpdir=C:\FullStack Java Devoloper\Advanced Java classes\JSP(java server pages)\JSP ActionTags\apache-tomcat-9.0.67\temp
09-Oct-2022 09:47:29.502 INFO [main] org.apache.catalina.core.AprLifecycleListener.lifecycleEvent Loaded Apache Tomcat Native library [1.2.35] using APR version [1.7.0].
09-Oct-2022 09:47:29.513 INFO [main] org.apache.catalina.core.AprLifecycleListener.lifecycleEvent APR capabilities: IPv6 [true], sendfile [true], accept filters [false], random [true], UDS [true].
09-Oct-2022 09:47:29.515 INFO [main] org.apache.catalina.core.AprLifecycleListener.lifecycleEvent APR/OpenSSL configuration: useAprConnector [false], useOpenSSL [true]
09-Oct-2022 09:47:29.525 INFO [main] org.apache.catalina.core.AprLifecycleListener.initializeSSL OpenSSL successfully initialized [OpenSSL 1.1.1q  5 Jul 2022]
09-Oct-2022 09:47:30.182 INFO [main] org.apache.coyote.AbstractProtocol.init Initializing ProtocolHandler ["http-nio-8080"]
09-Oct-2022 09:47:30.227 INFO [main] org.apache.catalina.startup.Catalina.load Server initialization in [1184] milliseconds
09-Oct-2022 09:47:30.314 INFO [main] org.apache.catalina.core.StandardService.startInternal Starting service [Catalina]
09-Oct-2022 09:47:30.314 INFO [main] org.apache.catalina.core.StandardEngine.startInternal Starting Servlet engine: [Apache Tomcat/9.0.67]
09-Oct-2022 09:47:30.321 INFO [main] org.apache.catalina.startup.HostConfig.deployDirectory Deploying web application directory [C:\FullStack Java Devoloper\Advanced Java classes\JSP(java server pages)\JSP ActionTags\apache-tomcat-9.0.67\webapps\docs]
09-Oct-2022 09:47:30.961 INFO [main] org.apache.catalina.startup.HostConfig.deployDirectory Deployment of web application directory [C:\FullStack Java Devoloper\Advanced Java classes\JSP(java server pages)\JSP ActionTags\apache-tomcat-9.0.67\webapps\docs] has finished in [640] ms
09-Oct-2022 09:47:30.965 INFO [main] org.apache.catalina.startup.HostConfig.deployDirectory Deploying web application directory [C:\FullStack Java Devoloper\Advanced Java classes\JSP(java server pages)\JSP ActionTags\apache-tomcat-9.0.67\webapps\examples]
09-Oct-2022 09:47:32.306 INFO [main] org.apache.catalina.startup.HostConfig.deployDirectory Deployment of web application directory [C:\FullStack Java Devoloper\Advanced Java classes\JSP(java server pages)\JSP ActionTags\apache-tomcat-9.0.67\webapps\examples] has finished in [1,341] ms
09-Oct-2022 09:47:32.309 INFO [main] org.apache.catalina.startup.HostConfig.deployDirectory Deploying web application directory [C:\FullStack Java Devoloper\Advanced Java classes\JSP(java server pages)\JSP ActionTags\apache-tomcat-9.0.67\webapps\host-manager]
09-Oct-2022 09:47:32.421 INFO [main] org.apache.catalina.startup.HostConfig.deployDirectory Deployment of web application directory [C:\FullStack Java Devoloper\Advanced Java classes\JSP(java server pages)\JSP ActionTags\apache-tomcat-9.0.67\webapps\host-manager] has finished in [115] ms
09-Oct-2022 09:47:32.427 INFO [main] org.apache.catalina.startup.HostConfig.deployDirectory Deploying web application directory [C:\FullStack Java Devoloper\Advanced Java classes\JSP(java server pages)\JSP ActionTags\apache-tomcat-9.0.67\webapps\JspActionTags]
09-Oct-2022 09:47:32.511 INFO [main] org.apache.catalina.startup.HostConfig.deployDirectory Deployment of web application directory [C:\FullStack Java Devoloper\Advanced Java classes\JSP(java server pages)\JSP ActionTags\apache-tomcat-9.0.67\webapps\JspActionTags] has finished in [90] ms
09-Oct-2022 09:47:32.511 INFO [main] org.apache.catalina.startup.HostConfig.deployDirectory Deploying web application directory [C:\FullStack Java Devoloper\Advanced Java classes\JSP(java server pages)\JSP ActionTags\apache-tomcat-9.0.67\webapps\manager]
09-Oct-2022 09:47:32.633 INFO [main] org.apache.catalina.startup.HostConfig.deployDirectory Deployment of web application directory [C:\FullStack Java Devoloper\Advanced Java classes\JSP(java server pages)\JSP ActionTags\apache-tomcat-9.0.67\webapps\manager] has finished in [122] ms
09-Oct-2022 09:47:32.633 INFO [main] org.apache.catalina.startup.HostConfig.deployDirectory Deploying web application directory [C:\FullStack Java Devoloper\Advanced Java classes\JSP(java server pages)\JSP ActionTags\apache-tomcat-9.0.67\webapps\ROOT]
09-Oct-2022 09:47:32.693 INFO [main] org.apache.catalina.startup.HostConfig.deployDirectory Deployment of web application directory [C:\FullStack Java Devoloper\Advanced Java classes\JSP(java server pages)\JSP ActionTags\apache-tomcat-9.0.67\webapps\ROOT] has finished in [60] ms
09-Oct-2022 09:47:32.696 INFO [main] org.apache.coyote.AbstractProtocol.start Starting ProtocolHandler ["http-nio-8080"]
09-Oct-2022 09:47:32.805 INFO [main] org.apache.catalina.startup.Catalina.start Server startup in [2578] milliseconds
